0	0	n/a
0	2	n/a
0	3	n/a
0	5	n/a
0	6	n/a
0	7	n/a
0	8	n/a
0	9	n/a
0	11	n/a
0	12	n/a
0	13	n/a
0	16	n/a
0	18	n/a
0	19	n/a
0	20	n/a
0	22	n/a
0	23	n/a
0	25	n/a
0	26	n/a
0	27	n/a
0	28	n/a
0	29	n/a
0	31	n/a
0	32	n/a
0	33	n/a
0	34	n/a
0	35	n/a
0	36	n/a
0	37	n/a
0	39	n/a
0	44	n/a
1	1	n/a
1	2	n/a
1	4	n/a
1	6	n/a
1	8	n/a
1	9	n/a
1	10	n/a
1	11	n/a
1	12	n/a
1	14	n/a
1	15	n/a
1	16	n/a
1	17	n/a
1	18	n/a
1	20	n/a
1	21	n/a
1	22	n/a
1	23	n/a
1	24	n/a
1	25	n/a
1	26	n/a
1	27	n/a
1	29	n/a
1	30	n/a
1	33	n/a
1	34	n/a
1	35	n/a
1	36	n/a
1	37	n/a
1	38	n/a
1	39	n/a
1	41	n/a
1	42	n/a
1	43	n/a
1	44	n/a
1	45	n/a
1	46	n/a
1	48	n/a
1	50	n/a
2	2	n/a
2	5	n/a
2	6	n/a
2	7	n/a
2	8	n/a
2	9	n/a
2	10	n/a
2	11	n/a
2	12	n/a
2	13	n/a
2	14	n/a
2	15	n/a
2	16	n/a
2	17	n/a
2	18	n/a
2	20	n/a
2	21	n/a
2	22	n/a
2	23	n/a
2	25	n/a
2	26	n/a
2	27	n/a
2	28	n/a
2	29	n/a
2	30	n/a
2	31	n/a
2	32	n/a
2	33	n/a
2	34	n/a
2	35	n/a
2	36	n/a
2	37	n/a
2	38	n/a
2	39	n/a
2	42	n/a
2	43	n/a
2	44	n/a
2	45	n/a
2	46	n/a
2	49	n/a
2	50	n/a
3	3	n/a
3	4	n/a
3	5	n/a
3	6	n/a
3	7	n/a
3	8	n/a
3	9	n/a
3	10	n/a
3	11	n/a
3	12	n/a
3	13	n/a
3	14	n/a
3	17	n/a
3	18	n/a
3	19	n/a
3	20	n/a
3	21	n/a
3	23	n/a
3	25	n/a
3	26	n/a
3	27	n/a
3	28	n/a
3	31	n/a
3	33	n/a
3	34	n/a
3	35	n/a
3	37	n/a
3	38	n/a
3	39	n/a
3	40	n/a
3	42	n/a
3	44	n/a
3	45	n/a
3	46	n/a
3	50	n/a
4	4	n/a
4	5	n/a
4	6	n/a
4	7	n/a
4	8	n/a
4	9	n/a
4	11	n/a
4	12	n/a
4	13	n/a
4	14	n/a
4	19	n/a
4	20	n/a
4	21	n/a
4	22	n/a
4	23	n/a
4	26	n/a
4	27	n/a
4	28	n/a
4	31	n/a
4	33	n/a
4	34	n/a
4	35	n/a
4	36	n/a
4	37	n/a
4	38	n/a
4	39	n/a
4	40	n/a
4	42	n/a
4	44	n/a
4	45	n/a
4	46	n/a
5	5	n/a
5	6	n/a
5	7	n/a
5	8	n/a
5	9	n/a
5	10	n/a
5	11	n/a
5	12	n/a
5	13	n/a
5	14	n/a
5	16	n/a
5	17	n/a
5	19	n/a
5	20	n/a
5	22	n/a
5	23	n/a
5	25	n/a
5	26	n/a
5	27	n/a
5	28	n/a
5	29	n/a
5	31	n/a
5	32	n/a
5	33	n/a
5	34	n/a
5	35	n/a
5	36	n/a
5	37	n/a
5	38	n/a
5	39	n/a
5	40	n/a
5	42	n/a
5	43	n/a
5	44	n/a
5	46	n/a
5	48	n/a
6	6	n/a
6	7	n/a
6	8	n/a
6	9	n/a
6	10	n/a
6	11	n/a
6	12	n/a
6	13	n/a
6	14	n/a
6	15	n/a
6	16	n/a
6	17	n/a
6	18	n/a
6	19	n/a
6	20	n/a
6	21	n/a
6	22	n/a
6	23	n/a
6	25	n/a
6	26	n/a
6	27	n/a
6	28	n/a
6	29	n/a
6	31	n/a
6	32	n/a
6	33	n/a
6	34	n/a
6	35	n/a
6	36	n/a
6	37	n/a
6	38	n/a
6	39	n/a
6	40	n/a
6	42	n/a
6	43	n/a
6	44	n/a
6	45	n/a
6	46	n/a
6	49	n/a
6	50	n/a
7	7	n/a
7	8	n/a
7	9	n/a
7	10	n/a
7	11	n/a
7	12	n/a
7	13	n/a
7	14	n/a
7	16	n/a
7	17	n/a
7	18	n/a
7	19	n/a
7	20	n/a
7	22	n/a
7	23	n/a
7	25	n/a
7	26	n/a
7	27	n/a
7	28	n/a
7	29	n/a
7	31	n/a
7	32	n/a
7	33	n/a
7	34	n/a
7	35	n/a
7	36	n/a
7	37	n/a
7	38	n/a
7	39	n/a
7	40	n/a
7	41	n/a
7	42	n/a
7	43	n/a
7	44	n/a
7	45	n/a
7	46	n/a
7	48	n/a
7	50	n/a
8	8	n/a
8	9	n/a
8	10	n/a
8	11	n/a
8	12	n/a
8	13	n/a
8	14	n/a
8	15	n/a
8	16	n/a
8	18	n/a
8	19	n/a
8	20	n/a
8	21	n/a
8	22	n/a
8	23	n/a
8	24	n/a
8	25	n/a
8	26	n/a
8	27	n/a
8	28	n/a
8	29	n/a
8	30	n/a
8	32	n/a
8	33	n/a
8	34	n/a
8	35	n/a
8	36	n/a
8	37	n/a
8	38	n/a
8	39	n/a
8	41	n/a
8	42	n/a
8	43	n/a
8	44	n/a
8	45	n/a
8	46	n/a
8	47	n/a
8	48	n/a
8	50	n/a
9	9	n/a
9	10	n/a
9	11	n/a
9	12	n/a
9	13	n/a
9	14	n/a
9	16	n/a
9	17	n/a
9	18	n/a
9	19	n/a
9	20	n/a
9	22	n/a
9	23	n/a
9	25	n/a
9	26	n/a
9	27	n/a
9	28	n/a
9	29	n/a
9	31	n/a
9	32	n/a
9	33	n/a
9	34	n/a
9	35	n/a
9	37	n/a
9	38	n/a
9	39	n/a
9	40	n/a
9	42	n/a
9	44	n/a
9	45	n/a
9	46	n/a
9	48	n/a
10	10	n/a
10	11	n/a
10	12	n/a
10	13	n/a
10	14	n/a
10	15	n/a
10	16	n/a
10	17	n/a
10	18	n/a
10	19	n/a
10	20	n/a
10	21	n/a
10	22	n/a
10	23	n/a
10	24	n/a
10	25	n/a
10	26	n/a
10	27	n/a
10	28	n/a
10	29	n/a
10	30	n/a
10	31	n/a
10	32	n/a
10	33	n/a
10	35	n/a
10	36	n/a
10	37	n/a
10	38	n/a
10	39	n/a
10	41	n/a
10	43	n/a
10	44	n/a
10	45	n/a
10	48	n/a
10	50	n/a
11	11	n/a
11	12	n/a
11	13	n/a
11	14	n/a
11	16	n/a
11	17	n/a
11	18	n/a
11	19	n/a
11	20	n/a
11	21	n/a
11	22	n/a
11	23	n/a
11	24	n/a
11	25	n/a
11	26	n/a
11	27	n/a
11	28	n/a
11	29	n/a
11	31	n/a
11	32	n/a
11	33	n/a
11	34	n/a
11	35	n/a
11	37	n/a
11	38	n/a
11	39	n/a
11	40	n/a
11	41	n/a
11	42	n/a
11	44	n/a
11	45	n/a
11	46	n/a
12	12	n/a
12	13	n/a
12	14	n/a
12	17	n/a
12	18	n/a
12	19	n/a
12	21	n/a
12	22	n/a
12	23	n/a
12	24	n/a
12	25	n/a
12	26	n/a
12	27	n/a
12	28	n/a
12	29	n/a
12	30	n/a
12	31	n/a
12	33	n/a
12	34	n/a
12	35	n/a
12	36	n/a
12	37	n/a
12	38	n/a
12	39	n/a
12	40	n/a
12	41	n/a
12	42	n/a
12	43	n/a
12	44	n/a
12	45	n/a
12	46	n/a
12	47	n/a
12	48	n/a
12	50	n/a
13	13	n/a
13	14	n/a
13	15	n/a
13	16	n/a
13	17	n/a
13	18	n/a
13	19	n/a
13	20	n/a
13	21	n/a
13	22	n/a
13	23	n/a
13	25	n/a
13	26	n/a
13	27	n/a
13	28	n/a
13	29	n/a
13	31	n/a
13	32	n/a
13	33	n/a
13	34	n/a
13	35	n/a
13	36	n/a
13	37	n/a
13	38	n/a
13	39	n/a
13	40	n/a
13	41	n/a
13	42	n/a
13	44	n/a
13	45	n/a
13	46	n/a
13	47	n/a
13	50	n/a
14	14	n/a
14	15	n/a
14	16	n/a
14	19	n/a
14	20	n/a
14	21	n/a
14	22	n/a
14	23	n/a
14	24	n/a
14	25	n/a
14	26	n/a
14	27	n/a
14	28	n/a
14	29	n/a
14	31	n/a
14	32	n/a
14	33	n/a
14	34	n/a
14	35	n/a
14	36	n/a
14	37	n/a
14	38	n/a
14	39	n/a
14	40	n/a
14	41	n/a
14	42	n/a
14	43	n/a
14	44	n/a
14	45	n/a
14	46	n/a
15	15	n/a
15	16	n/a
15	17	n/a
15	18	n/a
15	20	n/a
15	21	n/a
15	22	n/a
15	23	n/a
15	24	n/a
15	25	n/a
15	26	n/a
15	27	n/a
15	28	n/a
15	29	n/a
15	32	n/a
15	33	n/a
15	34	n/a
15	35	n/a
15	36	n/a
15	37	n/a
15	38	n/a
15	39	n/a
15	42	n/a
15	43	n/a
15	44	n/a
15	45	n/a
15	46	n/a
15	50	n/a
16	16	n/a
16	17	n/a
16	18	n/a
16	19	n/a
16	20	n/a
16	21	n/a
16	22	n/a
16	23	n/a
16	24	n/a
16	25	n/a
16	26	n/a
16	27	n/a
16	28	n/a
16	29	n/a
16	30	n/a
16	31	n/a
16	32	n/a
16	33	n/a
16	34	n/a
16	35	n/a
16	36	n/a
16	37	n/a
16	38	n/a
16	39	n/a
16	42	n/a
16	43	n/a
16	44	n/a
16	45	n/a
16	50	n/a
17	17	n/a
17	18	n/a
17	19	n/a
17	20	n/a
17	21	n/a
17	22	n/a
17	23	n/a
17	24	n/a
17	25	n/a
17	26	n/a
17	27	n/a
17	28	n/a
17	29	n/a
17	30	n/a
17	33	n/a
17	35	n/a
17	36	n/a
17	37	n/a
17	38	n/a
17	39	n/a
17	41	n/a
17	42	n/a
17	43	n/a
17	44	n/a
17	50	n/a
18	18	n/a
18	20	n/a
18	21	n/a
18	22	n/a
18	23	n/a
18	24	n/a
18	25	n/a
18	26	n/a
18	27	n/a
18	28	n/a
18	29	n/a
18	30	n/a
18	31	n/a
18	32	n/a
18	33	n/a
18	34	n/a
18	35	n/a
18	36	n/a
18	37	n/a
18	38	n/a
18	39	n/a
18	42	n/a
18	43	n/a
18	44	n/a
18	45	n/a
18	46	n/a
18	48	n/a
18	50	n/a
19	19	n/a
19	22	n/a
19	23	n/a
19	27	n/a
19	28	n/a
19	29	n/a
19	31	n/a
19	33	n/a
19	34	n/a
19	35	n/a
19	37	n/a
19	38	n/a
19	39	n/a
19	40	n/a
19	42	n/a
19	44	n/a
19	46	n/a
19	50	n/a
20	20	n/a
20	21	n/a
20	22	n/a
20	23	n/a
20	25	n/a
20	26	n/a
20	27	n/a
20	28	n/a
20	29	n/a
20	32	n/a
20	33	n/a
20	34	n/a
20	35	n/a
20	36	n/a
20	37	n/a
20	38	n/a
20	39	n/a
20	41	n/a
20	42	n/a
20	43	n/a
20	44	n/a
20	45	n/a
20	46	n/a
20	50	n/a
21	21	n/a
21	22	n/a
21	23	n/a
21	24	n/a
21	25	n/a
21	26	n/a
21	27	n/a
21	28	n/a
21	29	n/a
21	30	n/a
21	32	n/a
21	33	n/a
21	34	n/a
21	35	n/a
21	36	n/a
21	37	n/a
21	38	n/a
21	39	n/a
21	40	n/a
21	41	n/a
21	42	n/a
21	43	n/a
21	44	n/a
21	45	n/a
21	46	n/a
21	48	n/a
21	50	n/a
22	22	n/a
22	23	n/a
22	25	n/a
22	26	n/a
22	27	n/a
22	28	n/a
22	29	n/a
22	30	n/a
22	31	n/a
22	32	n/a
22	33	n/a
22	34	n/a
22	35	n/a
22	36	n/a
22	37	n/a
22	38	n/a
22	39	n/a
22	40	n/a
22	42	n/a
22	43	n/a
22	44	n/a
22	45	n/a
22	46	n/a
22	50	n/a
23	23	n/a
23	24	n/a
23	25	n/a
23	26	n/a
23	27	n/a
23	28	n/a
23	29	n/a
23	30	n/a
23	31	n/a
23	32	n/a
23	33	n/a
23	34	n/a
23	35	n/a
23	36	n/a
23	37	n/a
23	38	n/a
23	39	n/a
23	40	n/a
23	41	n/a
23	42	n/a
23	43	n/a
23	44	n/a
23	45	n/a
23	46	n/a
23	47	n/a
23	48	n/a
23	49	n/a
23	50	n/a
24	24	n/a
24	25	n/a
24	26	n/a
24	27	n/a
24	28	n/a
24	30	n/a
24	31	n/a
24	33	n/a
24	34	n/a
24	35	n/a
24	36	n/a
24	37	n/a
24	39	n/a
24	41	n/a
24	42	n/a
24	43	n/a
24	44	n/a
24	45	n/a
24	48	n/a
24	50	n/a
25	25	n/a
25	26	n/a
25	27	n/a
25	28	n/a
25	29	n/a
25	30	n/a
25	32	n/a
25	33	n/a
25	34	n/a
25	35	n/a
25	36	n/a
25	37	n/a
25	38	n/a
25	39	n/a
25	40	n/a
25	41	n/a
25	42	n/a
25	43	n/a
25	44	n/a
25	45	n/a
25	46	n/a
25	47	n/a
25	48	n/a
25	50	n/a
26	26	n/a
26	27	n/a
26	28	n/a
26	29	n/a
26	30	n/a
26	32	n/a
26	33	n/a
26	34	n/a
26	35	n/a
26	36	n/a
26	37	n/a
26	38	n/a
26	39	n/a
26	40	n/a
26	41	n/a
26	42	n/a
26	43	n/a
26	44	n/a
26	45	n/a
26	46	n/a
26	48	n/a
26	49	n/a
26	50	n/a
27	27	n/a
27	28	n/a
27	29	n/a
27	31	n/a
27	32	n/a
27	33	n/a
27	34	n/a
27	35	n/a
27	36	n/a
27	37	n/a
27	38	n/a
27	39	n/a
27	40	n/a
27	41	n/a
27	42	n/a
27	43	n/a
27	44	n/a
27	45	n/a
27	46	n/a
27	47	n/a
27	49	n/a
27	50	n/a
28	28	n/a
28	29	n/a
28	31	n/a
28	32	n/a
28	33	n/a
28	34	n/a
28	35	n/a
28	36	n/a
28	37	n/a
28	38	n/a
28	39	n/a
28	40	n/a
28	41	n/a
28	42	n/a
28	43	n/a
28	44	n/a
28	45	n/a
28	46	n/a
28	47	n/a
29	29	n/a
29	32	n/a
29	33	n/a
29	34	n/a
29	35	n/a
29	36	n/a
29	37	n/a
29	38	n/a
29	39	n/a
29	42	n/a
29	43	n/a
29	44	n/a
29	45	n/a
29	46	n/a
29	50	n/a
30	30	n/a
30	33	n/a
30	34	n/a
30	35	n/a
30	36	n/a
30	37	n/a
30	41	n/a
30	42	n/a
30	43	n/a
30	44	n/a
30	48	n/a
31	31	n/a
31	32	n/a
31	33	n/a
31	34	n/a
31	35	n/a
31	37	n/a
31	38	n/a
31	39	n/a
31	40	n/a
31	41	n/a
31	44	n/a
31	45	n/a
31	46	n/a
31	47	n/a
31	48	n/a
31	50	n/a
32	32	n/a
32	33	n/a
32	35	n/a
32	36	n/a
32	37	n/a
32	39	n/a
32	42	n/a
32	43	n/a
32	44	n/a
32	46	n/a
33	33	n/a
33	34	n/a
33	35	n/a
33	36	n/a
33	37	n/a
33	38	n/a
33	39	n/a
33	40	n/a
33	41	n/a
33	42	n/a
33	43	n/a
33	44	n/a
33	45	n/a
33	46	n/a
33	47	n/a
33	48	n/a
33	49	n/a
33	50	n/a
34	34	n/a
34	35	n/a
34	36	n/a
34	37	n/a
34	38	n/a
34	39	n/a
34	40	n/a
34	42	n/a
34	43	n/a
34	44	n/a
34	45	n/a
34	46	n/a
34	47	n/a
34	50	n/a
35	35	n/a
35	36	n/a
35	37	n/a
35	38	n/a
35	39	n/a
35	40	n/a
35	41	n/a
35	42	n/a
35	43	n/a
35	44	n/a
35	45	n/a
35	46	n/a
35	47	n/a
35	48	n/a
35	49	n/a
35	50	n/a
36	36	n/a
36	37	n/a
36	38	n/a
36	39	n/a
36	40	n/a
36	41	n/a
36	42	n/a
36	43	n/a
36	44	n/a
36	45	n/a
36	46	n/a
36	48	n/a
36	49	n/a
36	50	n/a
37	37	n/a
37	38	n/a
37	39	n/a
37	40	n/a
37	41	n/a
37	42	n/a
37	43	n/a
37	44	n/a
37	45	n/a
37	46	n/a
37	47	n/a
37	48	n/a
37	49	n/a
37	50	n/a
38	38	n/a
38	39	n/a
38	40	n/a
38	41	n/a
38	42	n/a
38	43	n/a
38	44	n/a
38	45	n/a
#subnet edge score	0.0